This test has been failing the diff recently:

49c49

<             Statistics: Num rows: 12288 Data size: 2165060 Basic stats: COMPLETE Column stats: NONE

---

>             Statistics: Num rows: 561 Data size: 128041 Basic stats: COMPLETE Column stats: NONE

53c53

<               Statistics: Num rows: 12288 Data size: 2165060 Basic stats: COMPLETE Column stats: NONE

---

>               Statistics: Num rows: 561 Data size: 128041 Basic stats: COMPLETE Column stats: NONE

59c59

<                 Statistics: Num rows: 12288 Data size: 2165060 Basic stats: COMPLETE Column stats: NONE

---

...


